<?xml version="1.0" encoding="UTF-8"?>
<testsuites name="Mocha Tests" time="8.0120" tests="2" failures="0">
  <testsuite name="Root Suite" timestamp="2022-08-31T15:59:25" tests="0" file="cypress/integration/search.spec.js" time="0.0000" failures="0">
  </testsuite>
  <testsuite name="Search for books" timestamp="2022-08-31T15:59:25" tests="2" time="8.0120" failures="0">
    <testcase name="Search for books should return one book with title Agile Testing" time="6.0620" classname="should return one book with title Agile Testing">
    </testcase>
    <testcase name="Search for books should return multiple books with title Test" time="1.9500" classname="should return multiple books with title Test">
    </testcase>
  </testsuite>
</testsuites>